<?xml version="1.0" encoding="UTF-8"?>
<Site BuildName="(empty)"
	BuildStamp="20260503-1605-Experimental"
	Name="(empty)"
	Generator="ctest-4.3.2"
	CompilerName=""
	CompilerVersion=""
	OSName="Linux"
	Hostname="Marcius"
	OSRelease="7.0.3-1-MANJARO"
	OSVersion="#1 SMP PREEMPT_DYNAMIC Thu, 30 Apr 2026 17:29:37 +0000"
	OSPlatform="x86_64"
	Is64Bits="1"
	VendorString="AuthenticAMD"
	VendorID="Advanced Micro Devices"
	FamilyID="23"
	ModelID="113"
	ModelName="AMD Ryzen 5 3600 6-Core Processor"
	ProcessorCacheSize="512"
	NumberOfLogicalCPU="12"
	NumberOfPhysicalCPU="6"
	TotalVirtualMemory="0"
	TotalPhysicalMemory="32037"
	LogicalProcessorsPerPhysical="2"
	ProcessorClockFrequency="4074.833984"
	>
	<Testing>
		<StartDateTime>May 03 12:26 EDT</StartDateTime>
		<StartTestTime>1777825610</StartTestTime>
		<TestList/>
		<EndDateTime>May 03 12:26 EDT</EndDateTime>
		<EndTestTime>1777825610</EndTestTime>
		<ElapsedMinutes>0</ElapsedMinutes>
	</Testing>
</Site>
